[0m11:11:47.251904 [debug] [MainThread]: Sending event: {'category': 'dbt', 'action': 'invocation', 'label': 'start', 'context': [<snowplow_tracker.self_describing_json.SelfDescribingJson object at 0x0000016DEC9B9E50>, <snowplow_tracker.self_describing_json.SelfDescribingJson object at 0x0000016DEB6BB050>, <snowplow_tracker.self_describing_json.SelfDescribingJson object at 0x0000016DED3C3620>]}


============================== 11:11:47.251904 | 1934766d-9943-42af-ba4f-004d8ef009b3 ==============================
[0m11:11:47.251904 [info ] [MainThread]: Running with dbt=1.11.6
[0m11:11:47.251904 [debug] [MainThread]: running dbt with arguments {'version_check': 'True', 'no_print': 'None', 'static_parser': 'True', 'target_path': 'None', 'warn_error_options': 'WarnErrorOptionsV2(error=[], warn=[], silence=[])', 'printer_width': '80', 'write_json': 'True', 'empty': 'None', 'log_cache_events': 'False', 'introspect': 'True', 'cache_selected_only': 'False', 'fail_fast': 'False', 'debug': 'False', 'log_format': 'default', 'profiles_dir': 'C:\\Users\\Santosh\\.dbt', 'send_anonymous_usage_stats': 'True', 'quiet': 'False', 'warn_error': 'None', 'partial_parse': 'True', 'invocation_command': 'dbt init dbt_snowflake_incremental', 'use_colors': 'True', 'indirect_selection': 'eager', 'use_experimental_parser': 'False', 'log_path': 'logs'}
[0m11:11:47.292263 [debug] [MainThread]: Starter project path: C:\Users\Santosh\AppData\Local\Programs\Python\Python312\Lib\site-packages\dbt\include\starter_project
[0m11:11:47.309607 [info ] [MainThread]: 
Your new dbt project "dbt_snowflake_incremental" was created!

For more information on how to configure the profiles.yml file,
please consult the dbt documentation here:

  https://docs.getdbt.com/docs/configure-your-profile

One more thing:

Need help? Don't hesitate to reach out to us via GitHub issues or on Slack:

  https://community.getdbt.com/

Happy modeling!

[0m11:11:47.309607 [info ] [MainThread]: Setting up your profile.
[0m11:13:00.828845 [info ] [MainThread]: Profile dbt_snowflake_incremental written to C:\Users\Santosh\.dbt\profiles.yml using target's profile_template.yml and your supplied values. Run 'dbt debug' to validate the connection.
[0m11:13:00.830740 [debug] [MainThread]: Command `dbt init` succeeded at 11:13:00.830740 after 73.83 seconds
[0m11:13:00.831318 [debug] [MainThread]: Sending event: {'category': 'dbt', 'action': 'invocation', 'label': 'end', 'context': [<snowplow_tracker.self_describing_json.SelfDescribingJson object at 0x0000016DED5EE390>, <snowplow_tracker.self_describing_json.SelfDescribingJson object at 0x0000016DFF1C3E60>, <snowplow_tracker.self_describing_json.SelfDescribingJson object at 0x0000016D92A78DD0>]}
[0m11:13:00.831318 [debug] [MainThread]: Flushing usage events
[0m11:13:01.852748 [debug] [MainThread]: An error was encountered while trying to flush usage events
[0m11:15:38.841507 [debug] [MainThread]: Sending event: {'category': 'dbt', 'action': 'invocation', 'label': 'start', 'context': [<snowplow_tracker.self_describing_json.SelfDescribingJson object at 0x000001A3D0163F80>, <snowplow_tracker.self_describing_json.SelfDescribingJson object at 0x000001A3CC672900>, <snowplow_tracker.self_describing_json.SelfDescribingJson object at 0x000001A3D01904A0>]}


============================== 11:15:38.841507 | 7af858a2-f4cf-49a5-8943-6259f97e9534 ==============================
[0m11:15:38.841507 [info ] [MainThread]: Running with dbt=1.11.6
[0m11:15:38.841507 [debug] [MainThread]: running dbt with arguments {'static_parser': 'True', 'no_print': 'None', 'version_check': 'True', 'target_path': 'None', 'warn_error_options': 'WarnErrorOptionsV2(error=[], warn=[], silence=[])', 'printer_width': '80', 'write_json': 'True', 'empty': 'None', 'log_cache_events': 'False', 'introspect': 'True', 'cache_selected_only': 'False', 'fail_fast': 'False', 'debug': 'False', 'log_format': 'default', 'profiles_dir': 'C:\\Users\\Santosh\\.dbt', 'send_anonymous_usage_stats': 'True', 'quiet': 'False', 'warn_error': 'None', 'partial_parse': 'True', 'invocation_command': 'dbt debug', 'indirect_selection': 'eager', 'use_colors': 'True', 'use_experimental_parser': 'False', 'log_path': 'logs'}
[0m11:15:38.880240 [info ] [MainThread]: dbt version: 1.11.6
[0m11:15:38.880240 [info ] [MainThread]: python version: 3.12.9
[0m11:15:38.880240 [info ] [MainThread]: python path: C:\Users\Santosh\AppData\Local\Programs\Python\Python312\python.exe
[0m11:15:38.880240 [info ] [MainThread]: os info: Windows-11-10.0.26200-SP0
[0m11:15:39.457194 [info ] [MainThread]: Using profiles dir at C:\Users\Santosh\.dbt
[0m11:15:39.457194 [info ] [MainThread]: Using profiles.yml file at C:\Users\Santosh\.dbt\profiles.yml
[0m11:15:39.457194 [info ] [MainThread]: Using dbt_project.yml file at D:\dbt_core_snowflake\dbt_incremental_strategy_demo\dbt_project.yml
[0m11:15:39.457194 [info ] [MainThread]: adapter type: snowflake
[0m11:15:39.457194 [info ] [MainThread]: adapter version: 1.9.0
[0m11:15:39.457194 [info ] [MainThread]: Configuration:
[0m11:15:39.457194 [info ] [MainThread]:   profiles.yml file [[32mOK found and valid[0m]
[0m11:15:39.457194 [info ] [MainThread]:   dbt_project.yml file [[31mERROR not found[0m]
[0m11:15:39.457194 [info ] [MainThread]: Required dependencies:
[0m11:15:39.457194 [debug] [MainThread]: Executing "git --help"
[0m11:15:39.546148 [debug] [MainThread]: STDOUT: "b"usage: git [-v | --version] [-h | --help] [-C <path>] [-c <name>=<value>]\n           [--exec-path[=<path>]] [--html-path] [--man-path] [--info-path]\n           [-p | --paginate | -P | --no-pager] [--no-replace-objects] [--bare]\n           [--git-dir=<path>] [--work-tree=<path>] [--namespace=<name>]\n           [--config-env=<name>=<envvar>] <command> [<args>]\n\nThese are common Git commands used in various situations:\n\nstart a working area (see also: git help tutorial)\n   clone     Clone a repository into a new directory\n   init      Create an empty Git repository or reinitialize an existing one\n\nwork on the current change (see also: git help everyday)\n   add       Add file contents to the index\n   mv        Move or rename a file, a directory, or a symlink\n   restore   Restore working tree files\n   rm        Remove files from the working tree and from the index\n\nexamine the history and state (see also: git help revisions)\n   bisect    Use binary search to find the commit that introduced a bug\n   diff      Show changes between commits, commit and working tree, etc\n   grep      Print lines matching a pattern\n   log       Show commit logs\n   show      Show various types of objects\n   status    Show the working tree status\n\ngrow, mark and tweak your common history\n   branch    List, create, or delete branches\n   commit    Record changes to the repository\n   merge     Join two or more development histories together\n   rebase    Reapply commits on top of another base tip\n   reset     Reset current HEAD to the specified state\n   switch    Switch branches\n   tag       Create, list, delete or verify a tag object signed with GPG\n\ncollaborate (see also: git help workflows)\n   fetch     Download objects and refs from another repository\n   pull      Fetch from and integrate with another repository or a local branch\n   push      Update remote refs along with associated objects\n\n'git help -a' and 'git help -g' list available subcommands and some\nconcept guides. See 'git help <command>' or 'git help <concept>'\nto read about a specific subcommand or concept.\nSee 'git help git' for an overview of the system.\n""
[0m11:15:39.546148 [debug] [MainThread]: STDERR: "b''"
[0m11:15:39.546148 [info ] [MainThread]:  - git [[32mOK found[0m]

[0m11:15:39.547196 [info ] [MainThread]: Connection:
[0m11:15:39.547196 [info ] [MainThread]:   account: OTVHZFT-YZ81603
[0m11:15:39.548144 [info ] [MainThread]:   user: dbt_user
[0m11:15:39.548144 [info ] [MainThread]:   database: dbt_incremental_db
[0m11:15:39.549143 [info ] [MainThread]:   warehouse: COMPUTE_WH
[0m11:15:39.549143 [info ] [MainThread]:   role: TRANSFORM
[0m11:15:39.549143 [info ] [MainThread]:   schema: raw
[0m11:15:39.549143 [info ] [MainThread]:   authenticator: None
[0m11:15:39.550141 [info ] [MainThread]:   oauth_client_id: None
[0m11:15:39.550141 [info ] [MainThread]:   query_tag: None
[0m11:15:39.550141 [info ] [MainThread]:   client_session_keep_alive: False
[0m11:15:39.550141 [info ] [MainThread]:   host: None
[0m11:15:39.551141 [info ] [MainThread]:   port: None
[0m11:15:39.551141 [info ] [MainThread]:   proxy_host: None
[0m11:15:39.551141 [info ] [MainThread]:   proxy_port: None
[0m11:15:39.551141 [info ] [MainThread]:   protocol: None
[0m11:15:39.552141 [info ] [MainThread]:   connect_retries: 1
[0m11:15:39.552503 [info ] [MainThread]:   connect_timeout: None
[0m11:15:39.552503 [info ] [MainThread]:   retry_on_database_errors: False
[0m11:15:39.552503 [info ] [MainThread]:   retry_all: False
[0m11:15:39.553571 [info ] [MainThread]:   insecure_mode: False
[0m11:15:39.553571 [info ] [MainThread]:   reuse_connections: True
[0m11:15:39.553571 [info ] [MainThread]: Registered adapter: snowflake=1.9.0
[0m11:15:39.799211 [debug] [MainThread]: Acquiring new snowflake connection 'debug'
[0m11:15:39.846690 [debug] [MainThread]: Using snowflake connection "debug"
[0m11:15:39.846690 [debug] [MainThread]: On debug: select 1 as id
[0m11:15:39.846690 [debug] [MainThread]: Opening a new connection, currently in state init
[0m11:15:44.000127 [debug] [MainThread]: SQL status: SUCCESS 1 in 4.166 seconds
[0m11:15:44.015908 [info ] [MainThread]:   Connection test: [[32mOK connection ok[0m]

[0m11:15:44.015908 [info ] [MainThread]: [31m1 check failed:[0m
[0m11:15:44.015908 [info ] [MainThread]: Project loading failed for the following reason:
 project path <D:\dbt_core_snowflake\dbt_incremental_strategy_demo\dbt_project.yml> not found

[0m11:15:44.015908 [debug] [MainThread]: Command `dbt debug` failed at 11:15:44.015908 after 5.41 seconds
[0m11:15:44.015908 [debug] [MainThread]: Connection 'debug' was left open.
[0m11:15:44.015908 [debug] [MainThread]: On debug: Close
[0m11:15:44.532963 [debug] [MainThread]: Sending event: {'category': 'dbt', 'action': 'invocation', 'label': 'end', 'context': [<snowplow_tracker.self_describing_json.SelfDescribingJson object at 0x000001A3D0163F80>, <snowplow_tracker.self_describing_json.SelfDescribingJson object at 0x000001A3F1E49E50>, <snowplow_tracker.self_describing_json.SelfDescribingJson object at 0x000001A3F46F80E0>]}
[0m11:15:44.532963 [debug] [MainThread]: Flushing usage events
[0m11:15:45.840812 [debug] [MainThread]: An error was encountered while trying to flush usage events
